1234
1235
1236
1237
1238
1239
1240
sayangkamu
subs100k
subs200k
subs300k
subs400k
subs500k
subs600k
subs700k
subs900k
subs1000k
subscribe dulu
subscribedulu
game
masbro
janganlupasubscribe
subscribe_dulu
likedankomen
password
dimana
mana
anjay123
392
39273
40272
49273
40572
27394
29494
2723
29492
28372
40483
492u3
49273
29373jr
293he
393hd3
dih383
3odn3
92ne
dihsombong
sombong
subscribedulumasbro
gakgratis
subsdulu
like
39u4
2973n2
39273
s82b3i
92732
9372
4927393
2837292
936283
gak_gratis
dimana?
passwordnya
password
wkwkwk
haram
gelap
cantik
gakgratis123
9273
2038293
1937293
19372
3927493
2937392
2937292
3927393
29372o4
2927293
2osh292
92u3
20372me
2di38
adminjelek
adminganteng
subscribedulugan
subscribe_dulu_gan
makandulu
123
124
294
294
284
403
183
194
592
595
2846
1o3
184
402
692
9163
293
402
capybara123
jangan_ditontondoang
apa?
100klikes
subscribe100k
subscribe200k
subscribe300k
subscribe400k
subscribe500k
subscribe_dulu
makangan
gakgratisgan
makan_gan
gak_gratis_gan
gan
admin
pelit
kakaka
diie
dkje
wlrbr
eknfe
akfbe
aotb4
294
28362
49262947
29372
49274
29474
2974
974
20263
1845
2974
29744
29731
trending
game_haram
gameharam
sekolahdulu
mak102
293
29472
49273
1
2
3
3
4
5
5
6
7
7
8
9
10
29372
49274
29473
gan_subs_dulu
subsdulugan
gakgratis_gan
disayang
disayang_tuhan
kamunanya
kamunenya
SUBSCRIBE
janganlupasubscribe
jangan_lupa_subscribe
jangan lupa subs
jangan_lupa_subs
